The system is: Linux - 5.15.0-84-generic - x86_64
Compiling the CXX compiler identification source file "CMakeCXXCompilerId.cpp" succeeded.
Compiler: /usr/bin/x86_64-w64-mingw32-g++ 
Build flags: 
Id flags:  

The output was:
0


Compilation of the CXX compiler identification source "CMakeCXXCompilerId.cpp" produced "a.exe"

The CXX compiler identification is GNU, found in "/home/panhao/Fast-DDS/Fast-DDS/examples/cpp/dds/CustomListenerExample/build/CMakeFiles/3.23.0/CompilerIdCXX/a.exe"

Determining if the CXX compiler works passed with the following output:
Change Dir: /home/panhao/Fast-DDS/Fast-DDS/examples/cpp/dds/CustomListenerExample/build/CMakeFiles/CMakeTmp

Run Build Command(s):/usr/bin/make -f Makefile cmTC_50038/fast && /usr/bin/make  -f CMakeFiles/cmTC_50038.dir/build.make CMakeFiles/cmTC_50038.dir/build
make[1]: Entering directory '/home/panhao/Fast-DDS/Fast-DDS/examples/cpp/dds/CustomListenerExample/build/CMakeFiles/CMakeTmp'
Building CXX object CMakeFiles/cmTC_50038.dir/testCXXCompiler.cxx.o
/usr/bin/x86_64-w64-mingw32-g++    -o CMakeFiles/cmTC_50038.dir/testCXXCompiler.cxx.o -c /home/panhao/Fast-DDS/Fast-DDS/examples/cpp/dds/CustomListenerExample/build/CMakeFiles/CMakeTmp/testCXXCompiler.cxx
Linking CXX executable cmTC_50038
/usr/bin/cmake -E cmake_link_script CMakeFiles/cmTC_50038.dir/link.txt --verbose=1
/usr/bin/x86_64-w64-mingw32-g++ CMakeFiles/cmTC_50038.dir/testCXXCompiler.cxx.o -o cmTC_50038 
make[1]: Leaving directory '/home/panhao/Fast-DDS/Fast-DDS/examples/cpp/dds/CustomListenerExample/build/CMakeFiles/CMakeTmp'



Performing C++ SOURCE FILE Test SUPPORTS_CXX11 succeeded with the following output:
Change Dir: /home/panhao/Fast-DDS/Fast-DDS/examples/cpp/dds/CustomListenerExample/build/CMakeFiles/CMakeTmp

Run Build Command(s):/usr/bin/make -f Makefile cmTC_c9e22/fast && /usr/bin/make  -f CMakeFiles/cmTC_c9e22.dir/build.make CMakeFiles/cmTC_c9e22.dir/build
make[1]: Entering directory '/home/panhao/Fast-DDS/Fast-DDS/examples/cpp/dds/CustomListenerExample/build/CMakeFiles/CMakeTmp'
Building CXX object CMakeFiles/cmTC_c9e22.dir/src.cxx.o
/usr/bin/x86_64-w64-mingw32-g++ -DSUPPORTS_CXX11  -std=c++11 -o CMakeFiles/cmTC_c9e22.dir/src.cxx.o -c /home/panhao/Fast-DDS/Fast-DDS/examples/cpp/dds/CustomListenerExample/build/CMakeFiles/CMakeTmp/src.cxx
Linking CXX executable cmTC_c9e22
/usr/bin/cmake -E cmake_link_script CMakeFiles/cmTC_c9e22.dir/link.txt --verbose=1
/usr/bin/x86_64-w64-mingw32-g++ CMakeFiles/cmTC_c9e22.dir/src.cxx.o -o cmTC_c9e22 
make[1]: Leaving directory '/home/panhao/Fast-DDS/Fast-DDS/examples/cpp/dds/CustomListenerExample/build/CMakeFiles/CMakeTmp'


Source file was:
int main() { return 0; }
